# JRE version: OpenJDK Runtime Environment Corretto-11.0.24.8.1 (11.0.24+8) (build 11.0.24+8-LTS)
# Java VM: OpenJDK 64-Bit Server VM Corretto-11.0.24.8.1 (11.0.24+8-LTS, mixed mode, tiered, compressed oops, g1 gc, windows-amd64)
Heap:
 garbage-first heap   total 251904K, used 44804K [0x000000070a200000, 0x0000000800000000)
  region size 1024K, 40 young (40960K), 14 survivors (14336K)
 Metaspace       used 53774K, capacity 55271K, committed 55472K, reserved 1097728K
  class space    used 6275K, capacity 6892K, committed 6912K, reserved 1048576K
GC Heap History (12 events):
Event: 1.001 GC heap before
{Heap before GC invocations=0 (full 0):
 garbage-first heap   total 251904K, used 23552K [0x000000070a200000, 0x0000000800000000)
  region size 1024K, 24 young (24576K), 0 survivors (0K)
 Metaspace       used 11001K, capacity 11169K, committed 11392K, reserved 1058816K
  class space    used 1009K, capacity 1067K, committed 1152K, reserved 1048576K
}
Event: 1.005 GC heap after
{Heap after GC invocations=1 (full 0):
 garbage-first heap   total 251904K, used 5625K [0x000000070a200000, 0x0000000800000000)
  region size 1024K, 3 young (3072K), 3 survivors (3072K)
 Metaspace       used 11001K, capacity 11169K, committed 11392K, reserved 1058816K
  class space    used 1009K, capacity 1067K, committed 1152K, reserved 1048576K
}
Event: 1.838 GC heap before
{Heap before GC invocations=1 (full 0):
 garbage-first heap   total 251904K, used 55801K [0x000000070a200000, 0x0000000800000000)
  region size 1024K, 53 young (54272K), 3 survivors (3072K)
 Metaspace       used 20649K, capacity 21138K, committed 21296K, reserved 1069056K
  class space    used 2202K, capacity 2384K, committed 2432K, reserved 1048576K
}
Event: 1.845 GC heap after
{Heap after GC invocations=2 (full 0):
 garbage-first heap   total 251904K, used 7973K [0x000000070a200000, 0x0000000800000000)
  region size 1024K, 6 young (6144K), 6 survivors (6144K)
 Metaspace       used 20649K, capacity 21138K, committed 21296K, reserved 1069056K
  class space    used 2202K, capacity 2384K, committed 2432K, reserved 1048576K
}
Event: 2.381 GC heap before
{Heap before GC invocations=3 (full 0):
 garbage-first heap   total 251904K, used 58149K [0x000000070a200000, 0x0000000800000000)
  region size 1024K, 56 young (57344K), 6 survivors (6144K)
 Metaspace       used 26895K, capacity 27611K, committed 27824K, reserved 1073152K
  class space    used 2951K, capacity 3216K, committed 3328K, reserved 1048576K
}
Event: 2.386 GC heap after
{Heap after GC invocations=4 (full 0):
 garbage-first heap   total 251904K, used 10036K [0x000000070a200000, 0x0000000800000000)
  region size 1024K, 5 young (5120K), 5 survivors (5120K)
 Metaspace       used 26895K, capacity 27611K, committed 27824K, reserved 1073152K
  class space    used 2951K, capacity 3216K, committed 3328K, reserved 1048576K
}
Event: 3.370 GC heap before
{Heap before GC invocations=4 (full 0):
 garbage-first heap   total 251904K, used 82740K [0x000000070a200000, 0x0000000800000000)
  region size 1024K, 77 young (78848K), 5 survivors (5120K)
 Metaspace       used 33856K, capacity 34681K, committed 34864K, reserved 1079296K
  class space    used 3803K, capacity 4128K, committed 4224K, reserved 1048576K
}
Event: 3.376 GC heap after
{Heap after GC invocations=5 (full 0):
 garbage-first heap   total 251904K, used 12179K [0x000000070a200000, 0x0000000800000000)
  region size 1024K, 7 young (7168K), 7 survivors (7168K)
 Metaspace       used 33856K, capacity 34681K, committed 34864K, reserved 1079296K
  class space    used 3803K, capacity 4128K, committed 4224K, reserved 1048576K
}
Event: 3.498 GC heap before
{Heap before GC invocations=5 (full 0):
 garbage-first heap   total 251904K, used 22419K [0x000000070a200000, 0x0000000800000000)
  region size 1024K, 18 young (18432K), 7 survivors (7168K)
 Metaspace       used 34864K, capacity 35720K, committed 35888K, reserved 1081344K
  class space    used 4020K, capacity 4371K, committed 4480K, reserved 1048576K
}
Event: 3.505 GC heap after
{Heap after GC invocations=6 (full 0):
 garbage-first heap   total 251904K, used 12746K [0x000000070a200000, 0x0000000800000000)
  region size 1024K, 7 young (7168K), 7 survivors (7168K)
 Metaspace       used 34864K, capacity 35720K, committed 35888K, reserved 1081344K
  class space    used 4020K, capacity 4371K, committed 4480K, reserved 1048576K
}
Event: 5.652 GC heap before
{Heap before GC invocations=7 (full 0):
 garbage-first heap   total 251904K, used 156106K [0x000000070a200000, 0x0000000800000000)
  region size 1024K, 147 young (150528K), 7 survivors (7168K)
 Metaspace       used 51893K, capacity 53292K, committed 53424K, reserved 1095680K
  class space    used 6032K, capacity 6580K, committed 6656K, reserved 1048576K
}
Event: 5.663 GC heap after
{Heap after GC invocations=8 (full 0):
 garbage-first heap   total 251904K, used 19204K [0x000000070a200000, 0x0000000800000000)
  region size 1024K, 14 young (14336K), 14 survivors (14336K)
 Metaspace       used 51893K, capacity 53292K, committed 53424K, reserved 1095680K
  class space    used 6032K, capacity 6580K, committed 6656K, reserved 1048576K
}

