# JRE version: OpenJDK Runtime Environment Corretto-11.0.24.8.1 (11.0.24+8) (build 11.0.24+8-LTS)
# Java VM: OpenJDK 64-Bit Server VM Corretto-11.0.24.8.1 (11.0.24+8-LTS, mixed mode, tiered, compressed oops, g1 gc, windows-amd64)
Heap:
 garbage-first heap   total 303104K, used 94605K [0x000000070a200000, 0x0000000800000000)
  region size 1024K, 86 young (88064K), 13 survivors (13312K)
 Metaspace       used 56026K, capacity 57519K, committed 57856K, reserved 1099776K
  class space    used 6675K, capacity 7307K, committed 7424K, reserved 1048576K
GC Heap History (12 events):
Event: 0.593 GC heap before
{Heap before GC invocations=0 (full 0):
 garbage-first heap   total 251904K, used 24576K [0x000000070a200000, 0x0000000800000000)
  region size 1024K, 24 young (24576K), 0 survivors (0K)
 Metaspace       used 11196K, capacity 11407K, committed 11648K, reserved 1060864K
  class space    used 1039K, capacity 1100K, committed 1152K, reserved 1048576K
}
Event: 0.597 GC heap after
{Heap after GC invocations=1 (full 0):
 garbage-first heap   total 251904K, used 8027K [0x000000070a200000, 0x0000000800000000)
  region size 1024K, 3 young (3072K), 3 survivors (3072K)
 Metaspace       used 11196K, capacity 11407K, committed 11648K, reserved 1060864K
  class space    used 1039K, capacity 1100K, committed 1152K, reserved 1048576K
}
Event: 1.269 GC heap before
{Heap before GC invocations=1 (full 0):
 garbage-first heap   total 251904K, used 53083K [0x000000070a200000, 0x0000000800000000)
  region size 1024K, 48 young (49152K), 3 survivors (3072K)
 Metaspace       used 20539K, capacity 21077K, committed 21248K, reserved 1069056K
  class space    used 2220K, capacity 2452K, committed 2560K, reserved 1048576K
}
Event: 1.274 GC heap after
{Heap after GC invocations=2 (full 0):
 garbage-first heap   total 251904K, used 10202K [0x000000070a200000, 0x0000000800000000)
  region size 1024K, 6 young (6144K), 6 survivors (6144K)
 Metaspace       used 20539K, capacity 21077K, committed 21248K, reserved 1069056K
  class space    used 2220K, capacity 2452K, committed 2560K, reserved 1048576K
}
Event: 1.598 GC heap before
{Heap before GC invocations=3 (full 0):
 garbage-first heap   total 251904K, used 42970K [0x000000070a200000, 0x0000000800000000)
  region size 1024K, 38 young (38912K), 6 survivors (6144K)
 Metaspace       used 25461K, capacity 26128K, committed 26240K, reserved 1073152K
  class space    used 2833K, capacity 3088K, committed 3200K, reserved 1048576K
}
Event: 1.603 GC heap after
{Heap after GC invocations=4 (full 0):
 garbage-first heap   total 251904K, used 11573K [0x000000070a200000, 0x0000000800000000)
  region size 1024K, 4 young (4096K), 4 survivors (4096K)
 Metaspace       used 25461K, capacity 26128K, committed 26240K, reserved 1073152K
  class space    used 2833K, capacity 3088K, committed 3200K, reserved 1048576K
}
Event: 2.345 GC heap before
{Heap before GC invocations=4 (full 0):
 garbage-first heap   total 251904K, used 79157K [0x000000070a200000, 0x0000000800000000)
  region size 1024K, 70 young (71680K), 4 survivors (4096K)
 Metaspace       used 31245K, capacity 32005K, committed 32256K, reserved 1077248K
  class space    used 3491K, capacity 3805K, committed 3840K, reserved 1048576K
}
Event: 2.349 GC heap after
{Heap after GC invocations=5 (full 0):
 garbage-first heap   total 251904K, used 13845K [0x000000070a200000, 0x0000000800000000)
  region size 1024K, 6 young (6144K), 6 survivors (6144K)
 Metaspace       used 31245K, capacity 32005K, committed 32256K, reserved 1077248K
  class space    used 3491K, capacity 3805K, committed 3840K, reserved 1048576K
}
Event: 2.768 GC heap before
{Heap before GC invocations=5 (full 0):
 garbage-first heap   total 251904K, used 47637K [0x000000070a200000, 0x0000000800000000)
  region size 1024K, 40 young (40960K), 6 survivors (6144K)
 Metaspace       used 34901K, capacity 35749K, committed 35840K, reserved 1081344K
  class space    used 4070K, capacity 4413K, committed 4480K, reserved 1048576K
}
Event: 2.776 GC heap after
{Heap after GC invocations=6 (full 0):
 garbage-first heap   total 251904K, used 15136K [0x000000070a200000, 0x0000000800000000)
  region size 1024K, 7 young (7168K), 7 survivors (7168K)
 Metaspace       used 34901K, capacity 35749K, committed 35840K, reserved 1081344K
  class space    used 4070K, capacity 4413K, committed 4480K, reserved 1048576K
}
Event: 4.429 GC heap before
{Heap before GC invocations=7 (full 0):
 garbage-first heap   total 251904K, used 130848K [0x000000070a200000, 0x0000000800000000)
  region size 1024K, 121 young (123904K), 7 survivors (7168K)
 Metaspace       used 49769K, capacity 51070K, committed 51328K, reserved 1093632K
  class space    used 5857K, capacity 6411K, committed 6528K, reserved 1048576K
}
Event: 4.438 GC heap after
{Heap after GC invocations=8 (full 0):
 garbage-first heap   total 303104K, used 20877K [0x000000070a200000, 0x0000000800000000)
  region size 1024K, 13 young (13312K), 13 survivors (13312K)
 Metaspace       used 49769K, capacity 51070K, committed 51328K, reserved 1093632K
  class space    used 5857K, capacity 6411K, committed 6528K, reserved 1048576K
}

