# JRE version: OpenJDK Runtime Environment Corretto-11.0.24.8.1 (11.0.24+8) (build 11.0.24+8-LTS)
# Java VM: OpenJDK 64-Bit Server VM Corretto-11.0.24.8.1 (11.0.24+8-LTS, mixed mode, tiered, compressed oops, g1 gc, windows-amd64)
Heap:
 garbage-first heap   total 303104K, used 126481K [0x000000070a200000, 0x0000000800000000)
  region size 1024K, 83 young (84992K), 8 survivors (8192K)
 Metaspace       used 47099K, capacity 48612K, committed 48720K, reserved 1093632K
  class space    used 4872K, capacity 5372K, committed 5376K, reserved 1048576K
GC Heap History (16 events):
Event: 0.508 GC heap before
{Heap before GC invocations=0 (full 0):
 garbage-first heap   total 251904K, used 23552K [0x000000070a200000, 0x0000000800000000)
  region size 1024K, 24 young (24576K), 0 survivors (0K)
 Metaspace       used 13710K, capacity 14055K, committed 14336K, reserved 1062912K
  class space    used 1360K, capacity 1453K, committed 1536K, reserved 1048576K
}
Event: 0.511 GC heap after
{Heap after GC invocations=1 (full 0):
 garbage-first heap   total 251904K, used 3612K [0x000000070a200000, 0x0000000800000000)
  region size 1024K, 3 young (3072K), 3 survivors (3072K)
 Metaspace       used 13710K, capacity 14055K, committed 14336K, reserved 1062912K
  class space    used 1360K, capacity 1453K, committed 1536K, reserved 1048576K
}
Event: 1.240 GC heap before
{Heap before GC invocations=1 (full 0):
 garbage-first heap   total 251904K, used 66076K [0x000000070a200000, 0x0000000800000000)
  region size 1024K, 65 young (66560K), 3 survivors (3072K)
 Metaspace       used 20780K, capacity 21155K, committed 21296K, reserved 1069056K
  class space    used 2243K, capacity 2402K, committed 2432K, reserved 1048576K
}
Event: 1.247 GC heap after
{Heap after GC invocations=2 (full 0):
 garbage-first heap   total 251904K, used 6662K [0x000000070a200000, 0x0000000800000000)
  region size 1024K, 6 young (6144K), 6 survivors (6144K)
 Metaspace       used 20780K, capacity 21155K, committed 21296K, reserved 1069056K
  class space    used 2243K, capacity 2402K, committed 2432K, reserved 1048576K
}
Event: 3.170 GC heap before
{Heap before GC invocations=3 (full 0):
 garbage-first heap   total 251904K, used 77318K [0x000000070a200000, 0x0000000800000000)
  region size 1024K, 75 young (76800K), 6 survivors (6144K)
 Metaspace       used 26491K, capacity 27134K, committed 27312K, reserved 1073152K
  class space    used 2816K, capacity 3009K, committed 3072K, reserved 1048576K
}
Event: 3.179 GC heap after
{Heap after GC invocations=4 (full 0):
 garbage-first heap   total 251904K, used 13786K [0x000000070a200000, 0x0000000800000000)
  region size 1024K, 10 young (10240K), 10 survivors (10240K)
 Metaspace       used 26491K, capacity 27134K, committed 27312K, reserved 1073152K
  class space    used 2816K, capacity 3009K, committed 3072K, reserved 1048576K
}
Event: 4.920 GC heap before
{Heap before GC invocations=4 (full 0):
 garbage-first heap   total 251904K, used 78298K [0x000000070a200000, 0x0000000800000000)
  region size 1024K, 74 young (75776K), 10 survivors (10240K)
 Metaspace       used 34958K, capacity 35811K, committed 35920K, reserved 1081344K
  class space    used 3741K, capacity 4050K, committed 4096K, reserved 1048576K
}
Event: 4.940 GC heap after
{Heap after GC invocations=5 (full 0):
 garbage-first heap   total 251904K, used 19000K [0x000000070a200000, 0x0000000800000000)
  region size 1024K, 6 young (6144K), 6 survivors (6144K)
 Metaspace       used 34958K, capacity 35811K, committed 35920K, reserved 1081344K
  class space    used 3741K, capacity 4050K, committed 4096K, reserved 1048576K
}
Event: 5.943 GC heap before
{Heap before GC invocations=6 (full 0):
 garbage-first heap   total 251904K, used 117304K [0x000000070a200000, 0x0000000800000000)
  region size 1024K, 103 young (105472K), 6 survivors (6144K)
 Metaspace       used 38786K, capacity 39838K, committed 40016K, reserved 1085440K
  class space    used 4117K, capacity 4505K, committed 4608K, reserved 1048576K
}
Event: 5.953 GC heap after
{Heap after GC invocations=7 (full 0):
 garbage-first heap   total 303104K, used 29760K [0x000000070a200000, 0x0000000800000000)
  region size 1024K, 13 young (13312K), 13 survivors (13312K)
 Metaspace       used 38786K, capacity 39838K, committed 40016K, reserved 1085440K
  class space    used 4117K, capacity 4505K, committed 4608K, reserved 1048576K
}
Event: 9.916 GC heap before
{Heap before GC invocations=7 (full 0):
 garbage-first heap   total 303104K, used 158784K [0x000000070a200000, 0x0000000800000000)
  region size 1024K, 120 young (122880K), 13 survivors (13312K)
 Metaspace       used 43387K, capacity 44667K, committed 44880K, reserved 1089536K
  class space    used 4602K, capacity 5038K, committed 5120K, reserved 1048576K
}
Event: 9.923 GC heap after
{Heap after GC invocations=8 (full 0):
 garbage-first heap   total 303104K, used 32920K [0x000000070a200000, 0x0000000800000000)
  region size 1024K, 7 young (7168K), 7 survivors (7168K)
 Metaspace       used 43387K, capacity 44667K, committed 44880K, reserved 1089536K
  class space    used 4602K, capacity 5038K, committed 5120K, reserved 1048576K
}
Event: 11.191 GC heap before
{Heap before GC invocations=8 (full 0):
 garbage-first heap   total 303104K, used 169112K [0x000000070a200000, 0x0000000800000000)
  region size 1024K, 141 young (144384K), 7 survivors (7168K)
 Metaspace       used 45415K, capacity 46747K, committed 46928K, reserved 1091584K
  class space    used 4798K, capacity 5254K, committed 5376K, reserved 1048576K
}
Event: 11.199 GC heap after
{Heap after GC invocations=9 (full 0):
 garbage-first heap   total 303104K, used 43606K [0x000000070a200000, 0x0000000800000000)
  region size 1024K, 17 young (17408K), 17 survivors (17408K)
 Metaspace       used 45415K, capacity 46747K, committed 46928K, reserved 1091584K
  class space    used 4798K, capacity 5254K, committed 5376K, reserved 1048576K
}
Event: 13.277 GC heap before
{Heap before GC invocations=9 (full 0):
 garbage-first heap   total 303104K, used 222806K [0x000000070a200000, 0x0000000800000000)
  region size 1024K, 171 young (175104K), 17 survivors (17408K)
 Metaspace       used 46560K, capacity 47934K, committed 48208K, reserved 1091584K
  class space    used 4828K, capacity 5296K, committed 5376K, reserved 1048576K
}
Event: 13.285 GC heap after
{Heap after GC invocations=10 (full 0):
 garbage-first heap   total 303104K, used 47633K [0x000000070a200000, 0x0000000800000000)
  region size 1024K, 8 young (8192K), 8 survivors (8192K)
 Metaspace       used 46560K, capacity 47934K, committed 48208K, reserved 1091584K
  class space    used 4828K, capacity 5296K, committed 5376K, reserved 1048576K
}

